Build started 4/2/2016 10:05:26 PM.
     1>Project "C:\Users\Sruthi Guvvala\Desktop\Project2HelperCode\Project2HelperCode\TextExec\TextExec.vcxproj" on node 2 (Build target(s)).
     1>ClCompile:
         C:\Program Files (x86)\Microsoft Visual Studio 14.0\VC\bin\x86_amd64\CL.exe /c /ZI /nologo /W3 /WX- /sdl /Od /D _DEBUG /D _CONSOLE /D _UNICODE /D UNICODE /Gm /EHsc /RTC1 /MDd /GS /fp:precise /Zc:wchar_t /Zc:forScope /Zc:inline /Fo"x64\Debug\\" /Fd"x64\Debug\vc140.pdb" /Gd /TP /errorReport:prompt TestExec.cpp
         TestExec.cpp
     1>c:\program files (x86)\microsoft visual studio 14.0\vc\include\fstream(13): error C2059: syntax error: 'namespace'
     1>c:\program files (x86)\microsoft visual studio 14.0\vc\include\fstream(13): error C2334: unexpected token(s) preceding '{'; skipping apparent function body
     1>c:\program files (x86)\microsoft visual studio 14.0\vc\include\excpt.h(14): error C2059: syntax error: 'string'
     1>c:\program files (x86)\microsoft visual studio 14.0\vc\include\excpt.h(14): error C2334: unexpected token(s) preceding '{'; skipping apparent function body
     1>c:\program files (x86)\microsoft visual studio 14.0\vc\include\stdarg.h(13): error C2059: syntax error: 'string'
     1>c:\program files (x86)\microsoft visual studio 14.0\vc\include\stdarg.h(13): error C2334: unexpected token(s) preceding '{'; skipping apparent function body
     1>c:\program files (x86)\windows kits\8.1\include\shared\windef.h(17): error C2059: syntax error: 'string'
     1>c:\program files (x86)\windows kits\8.1\include\shared\windef.h(17): error C2334: unexpected token(s) preceding '{'; skipping apparent function body
     1>c:\program files (x86)\windows kits\8.1\include\um\minwinbase.h(29): error C2059: syntax error: 'string'
     1>c:\program files (x86)\windows kits\8.1\include\um\minwinbase.h(29): error C2334: unexpected token(s) preceding '{'; skipping apparent function body
     1>c:\program files (x86)\windows kits\8.1\include\um\processenv.h(38): error C2059: syntax error: 'string'
     1>c:\program files (x86)\windows kits\8.1\include\um\processenv.h(38): error C2334: unexpected token(s) preceding '{'; skipping apparent function body
     1>c:\program files (x86)\windows kits\8.1\include\um\fileapi.h(41): error C2059: syntax error: 'string'
     1>c:\program files (x86)\windows kits\8.1\include\um\fileapi.h(41): error C2334: unexpected token(s) preceding '{'; skipping apparent function body
     1>c:\program files (x86)\windows kits\8.1\include\um\debugapi.h(37): error C2059: syntax error: 'string'
     1>c:\program files (x86)\windows kits\8.1\include\um\debugapi.h(37): error C2334: unexpected token(s) preceding '{'; skipping apparent function body
     1>c:\program files (x86)\windows kits\8.1\include\um\utilapiset.h(32): error C2059: syntax error: 'string'
     1>c:\program files (x86)\windows kits\8.1\include\um\utilapiset.h(32): error C2334: unexpected token(s) preceding '{'; skipping apparent function body
     1>c:\program files (x86)\windows kits\8.1\include\um\handleapi.h(32): error C2059: syntax error: 'string'
     1>c:\program files (x86)\windows kits\8.1\include\um\handleapi.h(32): error C2334: unexpected token(s) preceding '{'; skipping apparent function body
     1>c:\program files (x86)\windows kits\8.1\include\um\errhandlingapi.h(36): error C2059: syntax error: 'string'
     1>c:\program files (x86)\windows kits\8.1\include\um\errhandlingapi.h(36): error C2334: unexpected token(s) preceding '{'; skipping apparent function body
     1>c:\program files (x86)\windows kits\8.1\include\um\fibersapi.h(36): error C2059: syntax error: 'string'
     1>c:\program files (x86)\windows kits\8.1\include\um\fibersapi.h(36): error C2334: unexpected token(s) preceding '{'; skipping apparent function body
     1>c:\program files (x86)\windows kits\8.1\include\um\namedpipeapi.h(37): error C2059: syntax error: 'string'
     1>c:\program files (x86)\windows kits\8.1\include\um\namedpipeapi.h(37): error C2334: unexpected token(s) preceding '{'; skipping apparent function body
     1>c:\program files (x86)\windows kits\8.1\include\um\profileapi.h(32): error C2059: syntax error: 'string'
     1>c:\program files (x86)\windows kits\8.1\include\um\profileapi.h(32): error C2334: unexpected token(s) preceding '{'; skipping apparent function body
     1>c:\program files (x86)\windows kits\8.1\include\um\heapapi.h(35): error C2059: syntax error: 'string'
     1>c:\program files (x86)\windows kits\8.1\include\um\heapapi.h(35): error C2334: unexpected token(s) preceding '{'; skipping apparent function body
     1>c:\program files (x86)\windows kits\8.1\include\um\ioapiset.h(37): error C2059: syntax error: 'string'
     1>c:\program files (x86)\windows kits\8.1\include\um\ioapiset.h(37): error C2334: unexpected token(s) preceding '{'; skipping apparent function body
     1>c:\program files (x86)\windows kits\8.1\include\um\synchapi.h(38): error C2059: syntax error: 'string'
     1>c:\program files (x86)\windows kits\8.1\include\um\synchapi.h(38): error C2334: unexpected token(s) preceding '{'; skipping apparent function body
     1>c:\program files (x86)\windows kits\8.1\include\um\interlockedapi.h(36): error C2059: syntax error: 'string'
     1>c:\program files (x86)\windows kits\8.1\include\um\interlockedapi.h(36): error C2334: unexpected token(s) preceding '{'; skipping apparent function body
     1>c:\program files (x86)\windows kits\8.1\include\um\processthreadsapi.h(40): error C2059: syntax error: 'string'
     1>c:\program files (x86)\windows kits\8.1\include\um\processthreadsapi.h(40): error C2334: unexpected token(s) preceding '{'; skipping apparent function body
     1>c:\program files (x86)\windows kits\8.1\include\um\sysinfoapi.h(62): error C2059: syntax error: 'string'
     1>c:\program files (x86)\windows kits\8.1\include\um\sysinfoapi.h(62): error C2334: unexpected token(s) preceding '{'; skipping apparent function body
     1>c:\program files (x86)\windows kits\8.1\include\um\memoryapi.h(41): error C2059: syntax error: 'string'
     1>c:\program files (x86)\windows kits\8.1\include\um\memoryapi.h(41): error C2334: unexpected token(s) preceding '{'; skipping apparent function body
     1>c:\program files (x86)\windows kits\8.1\include\um\threadpoollegacyapiset.h(33): error C2059: syntax error: 'string'
     1>c:\program files (x86)\windows kits\8.1\include\um\threadpoollegacyapiset.h(33): error C2334: unexpected token(s) preceding '{'; skipping apparent function body
     1>c:\program files (x86)\windows kits\8.1\include\um\threadpoolapiset.h(36): error C2059: syntax error: 'string'
     1>c:\program files (x86)\windows kits\8.1\include\um\threadpoolapiset.h(36): error C2334: unexpected token(s) preceding '{'; skipping apparent function body
     1>c:\program files (x86)\windows kits\8.1\include\um\bemapiset.h(33): error C2059: syntax error: 'string'
     1>c:\program files (x86)\windows kits\8.1\include\um\bemapiset.h(33): error C2334: unexpected token(s) preceding '{'; skipping apparent function body
     1>c:\program files (x86)\windows kits\8.1\include\um\jobapi.h(33): error C2059: syntax error: 'string'
     1>c:\program files (x86)\windows kits\8.1\include\um\jobapi.h(33): error C2334: unexpected token(s) preceding '{'; skipping apparent function body
     1>c:\program files (x86)\windows kits\8.1\include\um\wow64apiset.h(33): error C2059: syntax error: 'string'
     1>c:\program files (x86)\windows kits\8.1\include\um\wow64apiset.h(33): error C2334: unexpected token(s) preceding '{'; skipping apparent function body
     1>c:\program files (x86)\windows kits\8.1\include\um\libloaderapi.h(40): error C2059: syntax error: 'string'
     1>c:\program files (x86)\windows kits\8.1\include\um\libloaderapi.h(40): error C2334: unexpected token(s) preceding '{'; skipping apparent function body
     1>c:\program files (x86)\windows kits\8.1\include\um\securitybaseapi.h(37): error C2059: syntax error: 'string'
     1>c:\program files (x86)\windows kits\8.1\include\um\securitybaseapi.h(37): error C2334: unexpected token(s) preceding '{'; skipping apparent function body
     1>c:\program files (x86)\windows kits\8.1\include\um\namespaceapi.h(33): error C2059: syntax error: 'string'
     1>c:\program files (x86)\windows kits\8.1\include\um\namespaceapi.h(33): error C2334: unexpected token(s) preceding '{'; skipping apparent function body
     1>c:\program files (x86)\windows kits\8.1\include\um\systemtopologyapi.h(33): error C2059: syntax error: 'string'
     1>c:\program files (x86)\windows kits\8.1\include\um\systemtopologyapi.h(33): error C2334: unexpected token(s) preceding '{'; skipping apparent function body
     1>c:\program files (x86)\windows kits\8.1\include\um\processtopologyapi.h(36): error C2059: syntax error: 'string'
     1>c:\program files (x86)\windows kits\8.1\include\um\processtopologyapi.h(36): error C2334: unexpected token(s) preceding '{'; skipping apparent function body
     1>c:\program files (x86)\windows kits\8.1\include\um\securityappcontainer.h(39): error C2059: syntax error: 'string'
     1>c:\program files (x86)\windows kits\8.1\include\um\securityappcontainer.h(39): error C2334: unexpected token(s) preceding '{'; skipping apparent function body
     1>c:\program files (x86)\windows kits\8.1\include\um\realtimeapiset.h(32): error C2059: syntax error: 'string'
     1>c:\program files (x86)\windows kits\8.1\include\um\realtimeapiset.h(32): error C2334: unexpected token(s) preceding '{'; skipping apparent function body
     1>c:\program files (x86)\windows kits\8.1\include\um\winbase.h(67): error C2059: syntax error: 'string'
     1>c:\program files (x86)\windows kits\8.1\include\um\winbase.h(67): error C2334: unexpected token(s) preceding '{'; skipping apparent function body
     1>c:\program files (x86)\windows kits\8.1\include\um\winbase.h(8820): error C2059: syntax error: 'string'
     1>c:\program files (x86)\windows kits\8.1\include\um\winbase.h(8820): error C2334: unexpected token(s) preceding '{'; skipping apparent function body
     1>c:\program files (x86)\windows kits\8.1\include\um\wingdi.h(48): error C2059: syntax error: 'string'
     1>c:\program files (x86)\windows kits\8.1\include\um\wingdi.h(48): error C2334: unexpected token(s) preceding '{'; skipping apparent function body
     1>c:\program files (x86)\windows kits\8.1\include\um\winuser.h(44): error C2059: syntax error: 'string'
     1>c:\program files (x86)\windows kits\8.1\include\um\winuser.h(44): error C2334: unexpected token(s) preceding '{'; skipping apparent function body
     1>c:\program files (x86)\windows kits\8.1\include\um\winnls.h(24): error C2059: syntax error: 'string'
     1>c:\program files (x86)\windows kits\8.1\include\um\winnls.h(24): error C2334: unexpected token(s) preceding '{'; skipping apparent function body
     1>c:\program files (x86)\windows kits\8.1\include\um\wincon.h(30): error C2059: syntax error: 'string'
     1>c:\program files (x86)\windows kits\8.1\include\um\wincon.h(30): error C2334: unexpected token(s) preceding '{'; skipping apparent function body
     1>c:\program files (x86)\windows kits\8.1\include\um\verrsrc.h(133): error C2059: syntax error: 'string'
     1>c:\program files (x86)\windows kits\8.1\include\um\verrsrc.h(133): error C2334: unexpected token(s) preceding '{'; skipping apparent function body
     1>c:\program files (x86)\windows kits\8.1\include\um\winver.h(23): error C2059: syntax error: 'string'
     1>c:\program files (x86)\windows kits\8.1\include\um\winver.h(23): error C2334: unexpected token(s) preceding '{'; skipping apparent function body
     1>c:\program files (x86)\windows kits\8.1\include\um\winreg.h(44): error C2059: syntax error: 'string'
     1>c:\program files (x86)\windows kits\8.1\include\um\winreg.h(44): error C2334: unexpected token(s) preceding '{'; skipping apparent function body
     1>c:\program files (x86)\windows kits\8.1\include\um\winnetwk.h(32): error C2059: syntax error: 'string'
     1>c:\program files (x86)\windows kits\8.1\include\um\winnetwk.h(32): error C2334: unexpected token(s) preceding '{'; skipping apparent function body
     1>c:\program files (x86)\windows kits\8.1\include\um\dde.h(22): error C2059: syntax error: 'string'
     1>c:\program files (x86)\windows kits\8.1\include\um\dde.h(22): error C2334: unexpected token(s) preceding '{'; skipping apparent function body
     1>c:\program files (x86)\windows kits\8.1\include\um\ddeml.h(18): error C2059: syntax error: 'string'
     1>c:\program files (x86)\windows kits\8.1\include\um\ddeml.h(18): error C2334: unexpected token(s) preceding '{'; skipping apparent function body
     1>c:\program files (x86)\windows kits\8.1\include\um\dlgs.h(264): error C3646: 'bRed': unknown override specifier
     1>c:\program files (x86)\windows kits\8.1\include\um\dlgs.h(264): error C4430: missing type specifier - int assumed. Note: C++ does not support default-int
     1>c:\program files (x86)\windows kits\8.1\include\um\dlgs.h(265): error C3646: 'bGreen': unknown override specifier
     1>c:\program files (x86)\windows kits\8.1\include\um\dlgs.h(265): error C4430: missing type specifier - int assumed. Note: C++ does not support default-int
     1>c:\program files (x86)\windows kits\8.1\include\um\dlgs.h(266): error C3646: 'bBlue': unknown override specifier
     1>c:\program files (x86)\windows kits\8.1\include\um\dlgs.h(266): error C4430: missing type specifier - int assumed. Note: C++ does not support default-int
     1>c:\program files (x86)\windows kits\8.1\include\um\dlgs.h(267): error C3646: 'bExtra': unknown override specifier
     1>c:\program files (x86)\windows kits\8.1\include\um\dlgs.h(267): error C4430: missing type specifier - int assumed. Note: C++ does not support default-int
     1>c:\program files (x86)\windows kits\8.1\include\um\lzexpand.h(26): error C2059: syntax error: 'string'
     1>c:\program files (x86)\windows kits\8.1\include\um\lzexpand.h(26): error C2334: unexpected token(s) preceding '{'; skipping apparent function body
     1>c:\program files (x86)\windows kits\8.1\include\um\mmsyscom.h(29): error C2059: syntax error: 'string'
     1>c:\program files (x86)\windows kits\8.1\include\um\mmsyscom.h(29): error C2334: unexpected token(s) preceding '{'; skipping apparent function body
     1>c:\program files (x86)\windows kits\8.1\include\um\mmsystem.h(45): error C2059: syntax error: 'string'
     1>c:\program files (x86)\windows kits\8.1\include\um\mmsystem.h(45): error C2334: unexpected token(s) preceding '{'; skipping apparent function body
     1>c:\program files (x86)\windows kits\8.1\include\um\nb30.h(26): error C2059: syntax error: 'string'
     1>c:\program files (x86)\windows kits\8.1\include\um\nb30.h(26): fatal error C1003: error count exceeds 100; stopping compilation
     1>Done Building Project "C:\Users\Sruthi Guvvala\Desktop\Project2HelperCode\Project2HelperCode\TextExec\TextExec.vcxproj" (Build target(s)) -- FAILED.

Build FAILED.

Time Elapsed 00:00:00.52
